<?xml version="1.0" encoding="UTF-8"?>
<!-- Generated by org.testng.reporters.JUnitReportReporter -->
<testsuite hostname="DESKTOP-FN6FCBA" failures="0" tests="1" name="search.Loginvalidation" time="3.130" errors="0" timestamp="2024-07-08T23:02:37 IST" skipped="0">
  <testcase classname="search.Loginvalidation" name="loginvalidity" time="3.130"/>
</testsuite> <!-- search.Loginvalidation -->
