<?xml version="1.0" encoding="UTF-8"?>
<!-- Generated by org.testng.reporters.JUnitReportReporter -->
<testsuite hostname="DESKTOP-FN6FCBA" failures="0" tests="8" name="register.Tc_RF001" time="51.008" errors="0" timestamp="2024-04-21T02:21:50 IST" skipped="0">
  <testcase classname="register.Tc_RF001" name="alreadyuseremail" time="4.650"/>
  <testcase classname="register.Tc_RF001" name="registerpassword" time="6.744"/>
  <testcase classname="register.Tc_RF001" name="navigateregister" time="4.928"/>
  <testcase classname="register.Tc_RF001" name="newsletteroption_no" time="7.479"/>
  <testcase classname="register.Tc_RF001" name="submitwithoutfield" time="3.995"/>
  <testcase classname="register.Tc_RF001" name="newsletteroption_yes" time="7.620"/>
  <testcase classname="register.Tc_RF001" name="regiester" time="7.223"/>
  <testcase classname="register.Tc_RF001" name="allmandatoryfeield" time="8.369"/>
</testsuite> <!-- register.Tc_RF001 -->
